[debug] [2020-12-17T10:07:02.332Z] ----------------------------------------------------------------------
[debug] [2020-12-17T10:07:02.343Z] Command:       C:\Program Files\nodejs\node.exe C:\Users\SOFT\AppData\Roaming\npm\node_modules\firebase-tools\lib\bin\firebase.js init
[debug] [2020-12-17T10:07:02.344Z] CLI Version:   9.0.1
[debug] [2020-12-17T10:07:02.344Z] Platform:      win32
[debug] [2020-12-17T10:07:02.344Z] Node Version:  v12.18.3
[debug] [2020-12-17T10:07:02.567Z] Time:          Thu Dec 17 2020 15:07:02 GMT+0500 (Pakistan Standard Time)
[debug] [2020-12-17T10:07:02.568Z] ----------------------------------------------------------------------
[debug] [2020-12-17T10:07:02.568Z] 
[debug] [2020-12-17T10:07:02.619Z] > command requires scopes: ["email","openid","https://www.googleapis.com/auth/cloudplatformprojects.readonly","https://www.googleapis.com/auth/firebase","https://www.googleapis.com/auth/cloud-platform"]
[debug] [2020-12-17T10:07:02.620Z] > authorizing via signed-in user
[info] 
     ######## #### ########  ######## ########     ###     ######  ########
     ##        ##  ##     ## ##       ##     ##  ##   ##  ##       ##
     ######    ##  ########  ######   ########  #########  ######  ######
     ##        ##  ##    ##  ##       ##     ## ##     ##       ## ##
     ##       #### ##     ## ######## ########  ##     ##  ######  ########

You're about to initialize a Firebase project in this directory:

  C:\Users\SOFT\Desktop\Muhammad Afzaal\test-dev\testing_dev

[info] 
=== Project Setup
[info] 
[info] First, let's associate this project directory with a Firebase project.
[info] You can create multiple project aliases by running firebase use --add, 
[info] but for now we'll just set up a default project.
[info] 
[info] i  If you want to create a project in a Google Cloud organization or folder, please use "firebase projects:create" instead, and return to this command when you've created the project. 
[debug] [2020-12-17T10:07:31.007Z] > refreshing access token with scopes: ["email","https://www.googleapis.com/auth/cloud-platform","https://www.googleapis.com/auth/cloudplatformprojects.readonly","https://www.googleapis.com/auth/firebase","openid"]
[debug] [2020-12-17T10:07:31.008Z] >>> HTTP REQUEST POST https://www.googleapis.com/oauth2/v3/token  
 <request body omitted>
[debug] [2020-12-17T10:07:32.125Z] <<< HTTP RESPONSE 200 {"cache-control":"no-cache, no-store, max-age=0, must-revalidate","date":"Thu, 17 Dec 2020 10:07:32 GMT","pragma":"no-cache","expires":"Mon, 01 Jan 1990 00:00:00 GMT","content-type":"application/json; charset=utf-8","vary":"X-Origin, Referer, Origin,Accept-Encoding","server":"scaffolding on HTTPServer2","x-xss-protection":"0","x-frame-options":"SAMEORIGIN","x-content-type-options":"nosniff","alt-svc":"h3-29=\":443\"; ma=2592000,h3-T051=\":443\"; ma=2592000,h3-Q050=\":443\"; ma=2592000,h3-Q046=\":443\"; ma=2592000,h3-Q043=\":443\"; ma=2592000,quic=\":443\"; ma=2592000; v=\"46,43\"","accept-ranges":"none","transfer-encoding":"chunked"}
[debug] [2020-12-17T10:07:32.137Z] >>> HTTP REQUEST POST https://cloudresourcemanager.googleapis.com/v1/projects  
 {"projectId":"test1dev","name":"test-dev"}
[debug] [2020-12-17T10:07:34.368Z] <<< HTTP RESPONSE 409 {"vary":"X-Origin, Referer, Origin,Accept-Encoding","content-type":"application/json; charset=UTF-8","date":"Thu, 17 Dec 2020 10:07:34 GMT","server":"ESF","cache-control":"private","x-xss-protection":"0","x-frame-options":"SAMEORIGIN","x-content-type-options":"nosniff","server-timing":"gfet4t7; dur=1274","alt-svc":"h3-29=\":443\"; ma=2592000,h3-T051=\":443\"; ma=2592000,h3-Q050=\":443\"; ma=2592000,h3-Q046=\":443\"; ma=2592000,h3-Q043=\":443\"; ma=2592000,quic=\":443\"; ma=2592000; v=\"46,43\"","accept-ranges":"none","transfer-encoding":"chunked"}
[debug] [2020-12-17T10:07:34.369Z] <<< HTTP RESPONSE BODY {"error":{"code":409,"message":"Requested entity already exists","status":"ALREADY_EXISTS"}}
[debug] [2020-12-17T10:07:35.041Z] FirebaseError: HTTP Error: 409, Requested entity already exists
    at module.exports (C:\Users\SOFT\AppData\Roaming\npm\node_modules\firebase-tools\lib\responseToError.js:38:12)
    at Request._callback (C:\Users\SOFT\AppData\Roaming\npm\node_modules\firebase-tools\lib\api.js:41:35)
    at Request.self.callback (C:\Users\SOFT\AppData\Roaming\npm\node_modules\firebase-tools\node_modules\request\request.js:185:22)
    at Request.emit (events.js:315:20)
    at Request.EventEmitter.emit (domain.js:483:12)
    at Request.<anonymous> (C:\Users\SOFT\AppData\Roaming\npm\node_modules\firebase-tools\node_modules\request\request.js:1154:10)
    at Request.emit (events.js:315:20)
    at Request.EventEmitter.emit (domain.js:483:12)
    at IncomingMessage.<anonymous> (C:\Users\SOFT\AppData\Roaming\npm\node_modules\firebase-tools\node_modules\request\request.js:1076:12)
    at Object.onceWrapper (events.js:421:28)
    at IncomingMessage.emit (events.js:327:22)
    at IncomingMessage.EventEmitter.emit (domain.js:483:12)
    at endReadableNT (_stream_readable.js:1220:12)
    at processTicksAndRejections (internal/process/task_queues.js:84:21)
[error] 
[error] Error: Failed to create project because there is already a project with ID test1dev. Please try again with a unique project ID.
[debug] [2020-12-17T10:09:47.381Z] ----------------------------------------------------------------------
[debug] [2020-12-17T10:09:47.386Z] Command:       C:\Program Files\nodejs\node.exe C:\Users\SOFT\AppData\Roaming\npm\node_modules\firebase-tools\lib\bin\firebase.js init
[debug] [2020-12-17T10:09:47.386Z] CLI Version:   9.0.1
[debug] [2020-12-17T10:09:47.386Z] Platform:      win32
[debug] [2020-12-17T10:09:47.386Z] Node Version:  v12.18.3
[debug] [2020-12-17T10:09:47.394Z] Time:          Thu Dec 17 2020 15:09:47 GMT+0500 (Pakistan Standard Time)
[debug] [2020-12-17T10:09:47.394Z] ----------------------------------------------------------------------
[debug] [2020-12-17T10:09:47.394Z] 
[debug] [2020-12-17T10:09:47.406Z] > command requires scopes: ["email","openid","https://www.googleapis.com/auth/cloudplatformprojects.readonly","https://www.googleapis.com/auth/firebase","https://www.googleapis.com/auth/cloud-platform"]
[debug] [2020-12-17T10:09:47.407Z] > authorizing via signed-in user
[info] 
     ######## #### ########  ######## ########     ###     ######  ########
     ##        ##  ##     ## ##       ##     ##  ##   ##  ##       ##
     ######    ##  ########  ######   ########  #########  ######  ######
     ##        ##  ##    ##  ##       ##     ## ##     ##       ## ##
     ##       #### ##     ## ######## ########  ##     ##  ######  ########

You're about to initialize a Firebase project in this directory:

  C:\Users\SOFT\Desktop\Muhammad Afzaal\test-dev\testing_dev

[info] 
=== Project Setup
[info] 
[info] First, let's associate this project directory with a Firebase project.
[info] You can create multiple project aliases by running firebase use --add, 
[info] but for now we'll just set up a default project.
[info] 
[debug] [2020-12-17T10:09:56.271Z] >>> HTTP REQUEST GET https://firebase.googleapis.com/v1beta1/projects?pageSize=100  
 
[debug] [2020-12-17T10:09:57.296Z] <<< HTTP RESPONSE 200 {"content-type":"application/json; charset=UTF-8","vary":"X-Origin, Referer, Origin,Accept-Encoding","date":"Thu, 17 Dec 2020 10:09:57 GMT","server":"ESF","cache-control":"private","x-xss-protection":"0","x-frame-options":"SAMEORIGIN","x-content-type-options":"nosniff","alt-svc":"h3-29=\":443\"; ma=2592000,h3-T051=\":443\"; ma=2592000,h3-Q050=\":443\"; ma=2592000,h3-Q046=\":443\"; ma=2592000,h3-Q043=\":443\"; ma=2592000,quic=\":443\"; ma=2592000; v=\"46,43\"","accept-ranges":"none","transfer-encoding":"chunked"}
[info] i  Using project test-dev-b1783 (test-dev) 
[info] 
=== Hosting Setup
[info] 
[info] Your public directory is the folder (relative to your project directory) that
[info] will contain Hosting assets to be uploaded with firebase deploy. If you
[info] have a build process for your assets, use your build's output directory.
[info] 
[info] +  Wrote y/404.html 
[debug] [2020-12-17T10:10:22.237Z] >>> [apiv2][query] GET https://www.gstatic.com/firebasejs/releases.json [none]
[debug] [2020-12-17T10:10:22.496Z] <<< [apiv2][status] GET https://www.gstatic.com/firebasejs/releases.json 200
[debug] [2020-12-17T10:10:22.497Z] <<< [apiv2][body] GET https://www.gstatic.com/firebasejs/releases.json {"current":{"version":"8.2.0","browserURL":"https://www.gstatic.com/firebasejs/8.2.0/firebase.js","packageURL":"https://www.gstatic.com/firebasejs/8.2.0/firebase.tgz"},"live":{"version":"8.2","browserURL":"https://www.gstatic.com/firebasejs/live/8.2/firebase.js","packageURL":"https://www.gstatic.com/firebasejs/live/8.2/firebase.tgz"},"components":{"analytics":"https://www.gstatic.com/firebasejs/8.2.0/firebase-analytics.js","app":"https://www.gstatic.com/firebasejs/8.2.0/firebase-app.js","auth":"https://www.gstatic.com/firebasejs/8.2.0/firebase-auth.js","database":"https://www.gstatic.com/firebasejs/8.2.0/firebase-database.js","firestore":"https://www.gstatic.com/firebasejs/8.2.0/firebase-firestore.js","functions":"https://www.gstatic.com/firebasejs/8.2.0/firebase-functions.js","installations":"https://www.gstatic.com/firebasejs/8.2.0/firebase-installations.js","messaging":"https://www.gstatic.com/firebasejs/8.2.0/firebase-messaging.js","storage":"https://www.gstatic.com/firebasejs/8.2.0/firebase-storage.js","performance":"https://www.gstatic.com/firebasejs/8.2.0/firebase-performance.js","remote-config":"https://www.gstatic.com/firebasejs/8.2.0/firebase-remote-config.js","firestore.memory":"https://www.gstatic.com/firebasejs/8.2.0/firebase-firestore.memory.js"}}
[info] +  Wrote y/index.html 
[info] 
[info] i  Detected a .git folder at C:\Users\SOFT\Desktop\Muhammad Afzaal\test-dev\testing_dev 
[info] i  Authorizing with GitHub to upload your service account to a GitHub repository's secrets store. 
[info] 
[info] Visit this URL on this device to log in:
[info] https://github.com/login/oauth/authorize?client_id=89cf50f02ac6aaed3484&state=814607874&redirect_uri=http%3A%2F%2Flocalhost%3A9005&scope=read%3Auser%20repo%20public_repo
[info] 
[info] Waiting for authentication...
[debug] [2020-12-17T10:10:27.825Z] >>> HTTP REQUEST POST https://github.com/login/oauth/access_token  
 {"client_id":"89cf50f02ac6aaed3484","client_secret":"3330d14abc895d9a74d5f17cd7a00711fa2c5bf0","code":"e28a0fd8cc58e20e88eb","redirect_uri":"http://localhost:9005","state":"814607874"}
[debug] [2020-12-17T10:10:28.291Z] <<< HTTP RESPONSE 200 {"date":"Thu, 17 Dec 2020 10:10:28 GMT","content-type":"application/json; charset=utf-8","transfer-encoding":"chunked","server":"GitHub.com","status":"200 OK","vary":"X-PJAX, Accept-Encoding, Accept, X-Requested-With, Accept-Encoding","etag":"W/\"e8cba97fee387db7df97652eb1068b7e\"","cache-control":"max-age=0, private, must-revalidate","strict-transport-security":"max-age=31536000; includeSubdomains; preload","x-frame-options":"deny","x-content-type-options":"nosniff","x-xss-protection":"1; mode=block","referrer-policy":"origin-when-cross-origin, strict-origin-when-cross-origin","expect-ct":"max-age=2592000, report-uri=\"https://api.github.com/_private/browser/errors\"","content-security-policy":"default-src 'none'; base-uri 'self'; block-all-mixed-content; connect-src 'self' uploads.github.com www.githubstatus.com collector.githubapp.com api.github.com github-cloud.s3.amazonaws.com github-production-repository-file-5c1aeb.s3.amazonaws.com github-production-upload-manifest-file-7fdce7.s3.amazonaws.com github-production-user-asset-6210df.s3.amazonaws.com cdn.optimizely.com logx.optimizely.com/v1/events wss://alive.github.com; font-src github.githubassets.com; form-action 'self' github.com gist.github.com; frame-ancestors 'none'; frame-src render.githubusercontent.com; img-src 'self' data: github.githubassets.com identicons.github.com collector.githubapp.com github-cloud.s3.amazonaws.com *.githubusercontent.com; manifest-src 'self'; media-src 'none'; script-src github.githubassets.com; style-src 'unsafe-inline' github.githubassets.com; worker-src github.com/socket-worker-5029ae85.js gist.github.com/socket-worker-5029ae85.js","x-github-request-id":"DB00:4382:210896:2A6534:5FDB2E94"}
[debug] [2020-12-17T10:10:28.292Z] >>> [apiv2][query] GET https://api.github.com/user [none]
[debug] [2020-12-17T10:10:28.809Z] <<< [apiv2][status] GET https://api.github.com/user 200
[debug] [2020-12-17T10:10:28.810Z] <<< [apiv2][body] GET https://api.github.com/user {"login":"AfzaalQader","id":38922111,"node_id":"MDQ6VXNlcjM4OTIyMTEx","avatar_url":"https://avatars1.githubusercontent.com/u/38922111?v=4","gravatar_id":"","url":"https://api.github.com/users/AfzaalQader","html_url":"https://github.com/AfzaalQader","followers_url":"https://api.github.com/users/AfzaalQader/followers","following_url":"https://api.github.com/users/AfzaalQader/following{/other_user}","gists_url":"https://api.github.com/users/AfzaalQader/gists{/gist_id}","starred_url":"https://api.github.com/users/AfzaalQader/starred{/owner}{/repo}","subscriptions_url":"https://api.github.com/users/AfzaalQader/subscriptions","organizations_url":"https://api.github.com/users/AfzaalQader/orgs","repos_url":"https://api.github.com/users/AfzaalQader/repos","events_url":"https://api.github.com/users/AfzaalQader/events{/privacy}","received_events_url":"https://api.github.com/users/AfzaalQader/received_events","type":"User","site_admin":false,"name":"Muhammad Afzaal","company":null,"blog":"","location":"Pakistan Lahore Punjab","email":null,"hireable":true,"bio":"i am a student of BSCS at Virtual University Of Pakistan.","twitter_username":null,"public_repos":11,"public_gists":0,"followers":2,"following":0,"created_at":"2018-05-02T17:57:22Z","updated_at":"2020-12-17T09:16:12Z","private_gists":0,"total_private_repos":2,"owned_private_repos":2,"disk_usage":303,"collaborators":0,"two_factor_authentication":false,"plan":{"name":"free","space":976562499,"collaborators":0,"private_repos":10000}}
[info] 
[info] +  Success! Logged into GitHub as AfzaalQader 
[info] 
